Running in verbose mode

-----------------------------------------------------------------
  pg_upgrade run on Thu Feb 25 23:24:56 2016
-----------------------------------------------------------------

check for "/usr/local/Cellar/postgresql/9.4.5_2/bin" failed: No such file or directory


-----------------------------------------------------------------
  pg_upgrade run on Thu Feb 25 23:26:08 2016
-----------------------------------------------------------------

You must identify the directory where the old cluster binaries reside.
Please use the -b command-line option or the PGBINOLD environment variable.
Running in verbose mode

-----------------------------------------------------------------
  pg_upgrade run on Thu Feb 25 23:29:01 2016
-----------------------------------------------------------------

check for "/usr/local/Cellar/postgresql/9.4.5_2/bin" failed: No such file or directory

Running in verbose mode

-----------------------------------------------------------------
  pg_upgrade run on Thu Feb 25 23:29:27 2016
-----------------------------------------------------------------

You must identify the directory where the old cluster binaries reside.
Please use the -b command-line option or the PGBINOLD environment variable.
